2024-11-07 22:03:11,112 - INFO - API key successfully loaded.
2024-11-07 22:03:11,113 - INFO - Starting weather data retrieval process...
2024-11-07 22:03:11,113 - INFO - Checking internet connection...
2024-11-07 22:03:11,448 - INFO - Internet connection is available.
2024-11-07 22:03:11,449 - INFO - Fetching IP address...
2024-11-07 22:03:14,100 - INFO - Data successfully retrieved from API.
2024-11-07 22:03:14,100 - INFO - Extracting weather data...
2024-11-07 22:03:14,100 - INFO - Location Name : Faridabad
2024-11-07 22:03:14,101 - INFO - Local Time : 2024-11-07 22:00
2024-11-07 22:03:14,101 - INFO - Condition : Mist
2024-11-07 22:03:14,101 - INFO - Condition Icon URL : //cdn.weatherapi.com/weather/64x64/night/143.png
2024-11-07 22:03:14,110 - INFO - Condition Code : 1030
2024-11-07 22:03:14,110 - INFO - Wind Speed (kph) : 6.5
2024-11-07 22:03:14,110 - INFO - Humidity (%) : 65
2024-11-07 22:03:14,110 - INFO - Feels Like (°C) : 25.4
2024-11-07 22:03:14,111 - INFO - UV Index : 1.0
2024-11-07 22:03:53,519 - INFO - API key successfully loaded.
2024-11-07 22:03:53,520 - INFO - Starting weather data retrieval process...
2024-11-07 22:03:53,520 - INFO - Checking internet connection...
2024-11-07 22:03:54,312 - INFO - Internet connection is available.
2024-11-07 22:03:54,313 - INFO - Fetching IP address...
2024-11-07 22:03:57,640 - INFO - Data successfully retrieved from API.
2024-11-07 22:03:57,641 - INFO - Extracting weather data...
2024-11-07 22:03:57,641 - INFO - Location Name : Faridabad
2024-11-07 22:03:57,641 - INFO - Local Time : 2024-11-07 22:00
2024-11-07 22:03:57,641 - INFO - Condition : Mist
2024-11-07 22:03:57,641 - INFO - Condition Icon URL : //cdn.weatherapi.com/weather/64x64/night/143.png
2024-11-07 22:03:57,641 - INFO - Condition Code : 1030
2024-11-07 22:03:57,642 - INFO - Wind Speed (kph) : 6.5
2024-11-07 22:03:57,642 - INFO - Humidity (%) : 65
2024-11-07 22:03:57,642 - INFO - Feels Like (°C) : 25.4
2024-11-07 22:03:57,642 - INFO - UV Index : 1.0
2024-11-07 22:04:04,721 - INFO - API key successfully loaded.
2024-11-07 22:04:04,721 - INFO - Starting weather data retrieval process...
2024-11-07 22:04:04,721 - INFO - Checking internet connection...
2024-11-07 22:04:05,329 - INFO - Internet connection is available.
2024-11-07 22:04:05,330 - INFO - Fetching IP address...
2024-11-07 22:04:06,513 - INFO - Data successfully retrieved from API.
2024-11-07 22:04:06,514 - INFO - Extracting weather data...
2024-11-07 22:04:06,514 - INFO - Location Name : Faridabad
2024-11-07 22:04:06,514 - INFO - Local Time : 2024-11-07 22:00
2024-11-07 22:04:06,514 - INFO - Condition : Mist
2024-11-07 22:04:06,514 - INFO - Condition Icon URL : //cdn.weatherapi.com/weather/64x64/night/143.png
2024-11-07 22:04:06,515 - INFO - Condition Code : 1030
2024-11-07 22:04:06,515 - INFO - Wind Speed (kph) : 6.5
2024-11-07 22:04:06,515 - INFO - Humidity (%) : 65
2024-11-07 22:04:06,515 - INFO - Feels Like (°C) : 25.4
2024-11-07 22:04:06,515 - INFO - UV Index : 1.0
2024-11-07 22:04:12,231 - INFO - API key successfully loaded.
2024-11-07 22:04:12,231 - INFO - Starting weather data retrieval process...
2024-11-07 22:04:12,231 - INFO - Checking internet connection...
2024-11-07 22:04:13,148 - INFO - Internet connection is available.
2024-11-07 22:04:13,149 - INFO - Fetching IP address...
2024-11-07 22:04:14,526 - INFO - Data successfully retrieved from API.
2024-11-07 22:04:14,527 - INFO - Extracting weather data...
2024-11-07 22:04:14,527 - INFO - Location Name : Faridabad
2024-11-07 22:04:14,528 - INFO - Local Time : 2024-11-07 22:04
2024-11-07 22:04:14,528 - INFO - Condition : Mist
2024-11-07 22:04:14,528 - INFO - Condition Icon URL : //cdn.weatherapi.com/weather/64x64/night/143.png
2024-11-07 22:04:14,528 - INFO - Condition Code : 1030
2024-11-07 22:04:14,528 - INFO - Wind Speed (kph) : 6.5
2024-11-07 22:04:14,528 - INFO - Humidity (%) : 65
2024-11-07 22:04:14,528 - INFO - Feels Like (°C) : 25.4
2024-11-07 22:04:14,528 - INFO - UV Index : 1.0
2024-11-07 22:06:22,090 - INFO - API key successfully loaded.
2024-11-07 22:06:22,091 - INFO - Starting weather data retrieval process...
2024-11-07 22:06:22,091 - INFO - Checking internet connection...
2024-11-07 22:06:22,978 - INFO - Internet connection is available.
2024-11-07 22:06:22,979 - INFO - Fetching IP address...
2024-11-07 22:06:24,215 - INFO - Data successfully retrieved from API.
2024-11-07 22:06:24,215 - INFO - Extracting weather data...
2024-11-07 22:06:24,215 - INFO - Location Name : Faridabad
2024-11-07 22:06:24,216 - INFO - Local Time : 2024-11-07 22:04
2024-11-07 22:06:24,216 - INFO - Condition : Mist
2024-11-07 22:06:24,216 - INFO - Condition Icon URL : //cdn.weatherapi.com/weather/64x64/night/143.png
2024-11-07 22:06:24,216 - INFO - Condition Code : 1030
2024-11-07 22:06:24,216 - INFO - Wind Speed (kph) : 6.5
2024-11-07 22:06:24,217 - INFO - Humidity (%) : 65
2024-11-07 22:06:24,217 - INFO - Feels Like (°C) : 25.4
2024-11-07 22:06:24,217 - INFO - UV Index : 1.0
2024-11-07 22:06:45,084 - INFO - API key successfully loaded.
2024-11-07 22:06:45,084 - INFO - Starting weather data retrieval process...
2024-11-07 22:06:45,084 - INFO - Checking internet connection...
2024-11-07 22:06:45,100 - ERROR - Internet connection check failed: HTTPSConnectionPool(host='8.8.8.8', port=443): Max retries exceeded with url: / (Caused by NewConnectionError('<urllib3.connection.HTTPSConnection object at 0x000002442CB252B0>: Failed to establish a new connection: [WinError 10065] A socket operation was attempted to an unreachable host'))
2024-11-07 22:06:45,100 - ERROR - Internet connection is not available.
